# JRE version: OpenJDK Runtime Environment (8.0_152-b02) (build 1.8.0_152-release-1024-b02)
# Java VM: OpenJDK 64-Bit Server VM (25.152-b02 mixed mode windows-amd64 compressed oops)
Heap:
 PSYoungGen      total 136192K, used 28262K [0x00000000e0000000, 0x00000000ea900000, 0x0000000100000000)
  eden space 129024K, 16% used [0x00000000e0000000,0x00000000e149a738,0x00000000e7e00000)
  from space 7168K, 99% used [0x00000000e8c00000,0x00000000e92ff2e0,0x00000000e9300000)
  to   space 14336K, 0% used [0x00000000e7e00000,0x00000000e7e00000,0x00000000e8c00000)
 ParOldGen       total 59392K, used 25054K [0x00000000a0000000, 0x00000000a3a00000, 0x00000000e0000000)
  object space 59392K, 42% used [0x00000000a0000000,0x00000000a1877998,0x00000000a3a00000)
 Metaspace       used 42108K, capacity 43168K, committed 43352K, reserved 1087488K
  class space    used 5794K, capacity 6118K, committed 6232K, reserved 1048576K
GC Heap History (10 events):
Event: 5.383 GC heap before
{Heap before GC invocations=6 (full 1):
 PSYoungGen      total 71680K, used 5108K [0x00000000e0000000, 0x00000000e9600000, 0x0000000100000000)
  eden space 66560K, 0% used [0x00000000e0000000,0x00000000e0000000,0x00000000e4100000)
  from space 5120K, 99% used [0x00000000e4100000,0x00000000e45fd060,0x00000000e4600000)
  to   space 10240K, 0% used [0x00000000e8c00000,0x00000000e8c00000,0x00000000e9600000)
 ParOldGen       total 87552K, used 8151K [0x00000000a0000000, 0x00000000a5580000, 0x00000000e0000000)
  object space 87552K, 9% used [0x00000000a0000000,0x00000000a07f5ca8,0x00000000a5580000)
 Metaspace       used 20853K, capacity 21232K, committed 21248K, reserved 1067008K
  class space    used 2921K, capacity 3071K, committed 3072K, reserved 1048576K
Event: 5.440 GC heap after
Heap after GC invocations=6 (full 1):
 PSYoungGen      total 71680K, used 0K [0x00000000e0000000, 0x00000000e9600000, 0x0000000100000000)
  eden space 66560K, 0% used [0x00000000e0000000,0x00000000e0000000,0x00000000e4100000)
  from space 5120K, 0% used [0x00000000e4100000,0x00000000e4100000,0x00000000e4600000)
  to   space 10240K, 0% used [0x00000000e8c00000,0x00000000e8c00000,0x00000000e9600000)
 ParOldGen       total 59392K, used 8142K [0x00000000a0000000, 0x00000000a3a00000, 0x00000000e0000000)
  object space 59392K, 13% used [0x00000000a0000000,0x00000000a07f3900,0x00000000a3a00000)
 Metaspace       used 20853K, capacity 21232K, committed 21248K, reserved 1067008K
  class space    used 2921K, capacity 3071K, committed 3072K, reserved 1048576K
}
Event: 7.421 GC heap before
{Heap before GC invocations=7 (full 1):
 PSYoungGen      total 71680K, used 66560K [0x00000000e0000000, 0x00000000e9600000, 0x0000000100000000)
  eden space 66560K, 100% used [0x00000000e0000000,0x00000000e4100000,0x00000000e4100000)
  from space 5120K, 0% used [0x00000000e4100000,0x00000000e4100000,0x00000000e4600000)
  to   space 10240K, 0% used [0x00000000e8c00000,0x00000000e8c00000,0x00000000e9600000)
 ParOldGen       total 59392K, used 8142K [0x00000000a0000000, 0x00000000a3a00000, 0x00000000e0000000)
  object space 59392K, 13% used [0x00000000a0000000,0x00000000a07f3900,0x00000000a3a00000)
 Metaspace       used 26538K, capacity 27048K, committed 27136K, reserved 1073152K
  class space    used 3650K, capacity 3809K, committed 3840K, reserved 1048576K
Event: 7.437 GC heap after
Heap after GC invocations=7 (full 1):
 PSYoungGen      total 112640K, used 6816K [0x00000000e0000000, 0x00000000e9300000, 0x0000000100000000)
  eden space 105472K, 0% used [0x00000000e0000000,0x00000000e0000000,0x00000000e6700000)
  from space 7168K, 95% used [0x00000000e8c00000,0x00000000e92a8118,0x00000000e9300000)
  to   space 9728K, 0% used [0x00000000e8000000,0x00000000e8000000,0x00000000e8980000)
 ParOldGen       total 59392K, used 8150K [0x00000000a0000000, 0x00000000a3a00000, 0x00000000e0000000)
  object space 59392K, 13% used [0x00000000a0000000,0x00000000a07f5900,0x00000000a3a00000)
 Metaspace       used 26538K, capacity 27048K, committed 27136K, reserved 1073152K
  class space    used 3650K, capacity 3809K, committed 3840K, reserved 1048576K
}
Event: 9.796 GC heap before
{Heap before GC invocations=8 (full 1):
 PSYoungGen      total 112640K, used 104419K [0x00000000e0000000, 0x00000000e9300000, 0x0000000100000000)
  eden space 105472K, 92% used [0x00000000e0000000,0x00000000e5f50cd0,0x00000000e6700000)
  from space 7168K, 95% used [0x00000000e8c00000,0x00000000e92a8118,0x00000000e9300000)
  to   space 9728K, 0% used [0x00000000e8000000,0x00000000e8000000,0x00000000e8980000)
 ParOldGen       total 59392K, used 8150K [0x00000000a0000000, 0x00000000a3a00000, 0x00000000e0000000)
  object space 59392K, 13% used [0x00000000a0000000,0x00000000a07f5900,0x00000000a3a00000)
 Metaspace       used 34530K, capacity 35268K, committed 35416K, reserved 1079296K
  class space    used 4837K, capacity 5123K, committed 5208K, reserved 1048576K
Event: 9.824 GC heap after
Heap after GC invocations=8 (full 1):
 PSYoungGen      total 115200K, used 9708K [0x00000000e0000000, 0x00000000e9300000, 0x0000000100000000)
  eden space 105472K, 0% used [0x00000000e0000000,0x00000000e0000000,0x00000000e6700000)
  from space 9728K, 99% used [0x00000000e8000000,0x00000000e897b2a8,0x00000000e8980000)
  to   space 7168K, 0% used [0x00000000e8c00000,0x00000000e8c00000,0x00000000e9300000)
 ParOldGen       total 59392K, used 12685K [0x00000000a0000000, 0x00000000a3a00000, 0x00000000e0000000)
  object space 59392K, 21% used [0x00000000a0000000,0x00000000a0c63700,0x00000000a3a00000)
 Metaspace       used 34530K, capacity 35268K, committed 35416K, reserved 1079296K
  class space    used 4837K, capacity 5123K, committed 5208K, reserved 1048576K
}
Event: 9.824 GC heap before
{Heap before GC invocations=9 (full 2):
 PSYoungGen      total 115200K, used 9708K [0x00000000e0000000, 0x00000000e9300000, 0x0000000100000000)
  eden space 105472K, 0% used [0x00000000e0000000,0x00000000e0000000,0x00000000e6700000)
  from space 9728K, 99% used [0x00000000e8000000,0x00000000e897b2a8,0x00000000e8980000)
  to   space 7168K, 0% used [0x00000000e8c00000,0x00000000e8c00000,0x00000000e9300000)
 ParOldGen       total 59392K, used 12685K [0x00000000a0000000, 0x00000000a3a00000, 0x00000000e0000000)
  object space 59392K, 21% used [0x00000000a0000000,0x00000000a0c63700,0x00000000a3a00000)
 Metaspace       used 34530K, capacity 35268K, committed 35416K, reserved 1079296K
  class space    used 4837K, capacity 5123K, committed 5208K, reserved 1048576K
Event: 9.969 GC heap after
Heap after GC invocations=9 (full 2):
 PSYoungGen      total 115200K, used 0K [0x00000000e0000000, 0x00000000e9300000, 0x0000000100000000)
  eden space 105472K, 0% used [0x00000000e0000000,0x00000000e0000000,0x00000000e6700000)
  from space 9728K, 0% used [0x00000000e8000000,0x00000000e8000000,0x00000000e8980000)
  to   space 7168K, 0% used [0x00000000e8c00000,0x00000000e8c00000,0x00000000e9300000)
 ParOldGen       total 59392K, used 20595K [0x00000000a0000000, 0x00000000a3a00000, 0x00000000e0000000)
  object space 59392K, 34% used [0x00000000a0000000,0x00000000a141ced8,0x00000000a3a00000)
 Metaspace       used 34530K, capacity 35268K, committed 35416K, reserved 1079296K
  class space    used 4837K, capacity 5123K, committed 5208K, reserved 1048576K
}
Event: 11.623 GC heap before
{Heap before GC invocations=10 (full 2):
 PSYoungGen      total 115200K, used 105472K [0x00000000e0000000, 0x00000000e9300000, 0x0000000100000000)
  eden space 105472K, 100% used [0x00000000e0000000,0x00000000e6700000,0x00000000e6700000)
  from space 9728K, 0% used [0x00000000e8000000,0x00000000e8000000,0x00000000e8980000)
  to   space 7168K, 0% used [0x00000000e8c00000,0x00000000e8c00000,0x00000000e9300000)
 ParOldGen       total 59392K, used 20595K [0x00000000a0000000, 0x00000000a3a00000, 0x00000000e0000000)
  object space 59392K, 34% used [0x00000000a0000000,0x00000000a141ced8,0x00000000a3a00000)
 Metaspace       used 41037K, capacity 42106K, committed 42328K, reserved 1085440K
  class space    used 5633K, capacity 5963K, committed 5976K, reserved 1048576K
Event: 11.639 GC heap after
Heap after GC invocations=10 (full 2):
 PSYoungGen      total 136192K, used 7164K [0x00000000e0000000, 0x00000000ea900000, 0x0000000100000000)
  eden space 129024K, 0% used [0x00000000e0000000,0x00000000e0000000,0x00000000e7e00000)
  from space 7168K, 99% used [0x00000000e8c00000,0x00000000e92ff2e0,0x00000000e9300000)
  to   space 14336K, 0% used [0x00000000e7e00000,0x00000000e7e00000,0x00000000e8c00000)
 ParOldGen       total 59392K, used 25054K [0x00000000a0000000, 0x00000000a3a00000, 0x00000000e0000000)
  object space 59392K, 42% used [0x00000000a0000000,0x00000000a1877998,0x00000000a3a00000)
 Metaspace       used 41037K, capacity 42106K, committed 42328K, reserved 1085440K
  class space    used 5633K, capacity 5963K, committed 5976K, reserved 1048576K
}

