# JRE version: OpenJDK Runtime Environment (8.0_152-b02) (build 1.8.0_152-release-1024-b02)
# Java VM: OpenJDK 64-Bit Server VM (25.152-b02 mixed mode windows-amd64 compressed oops)
Heap:
 PSYoungGen      total 75776K, used 10519K [0x00000000e0000000, 0x00000000e6d80000, 0x0000000100000000)
  eden space 66048K, 1% used [0x00000000e0000000,0x00000000e013ac48,0x00000000e4080000)
  from space 9728K, 95% used [0x00000000e4080000,0x00000000e498b378,0x00000000e4a00000)
  to   space 10752K, 0% used [0x00000000e6300000,0x00000000e6300000,0x00000000e6d80000)
 ParOldGen       total 81408K, used 15134K [0x00000000a0000000, 0x00000000a4f80000, 0x00000000e0000000)
  object space 81408K, 18% used [0x00000000a0000000,0x00000000a0ec78b0,0x00000000a4f80000)
 Metaspace       used 37995K, capacity 38684K, committed 38784K, reserved 1083392K
  class space    used 5183K, capacity 5428K, committed 5504K, reserved 1048576K
GC Heap History (10 events):
Event: 10.167 GC heap before
{Heap before GC invocations=9 (full 1):
 PSYoungGen      total 38400K, used 32638K [0x00000000e0000000, 0x00000000e4180000, 0x0000000100000000)
  eden space 28160K, 100% used [0x00000000e0000000,0x00000000e1b80000,0x00000000e1b80000)
  from space 10240K, 43% used [0x00000000e1b80000,0x00000000e1fdf940,0x00000000e2580000)
  to   space 9728K, 0% used [0x00000000e3800000,0x00000000e3800000,0x00000000e4180000)
 ParOldGen       total 57344K, used 7955K [0x00000000a0000000, 0x00000000a3800000, 0x00000000e0000000)
  object space 57344K, 13% used [0x00000000a0000000,0x00000000a07c4dd0,0x00000000a3800000)
 Metaspace       used 28068K, capacity 28496K, committed 28672K, reserved 1073152K
  class space    used 3921K, capacity 4053K, committed 4096K, reserved 1048576K
Event: 10.177 GC heap after
Heap after GC invocations=9 (full 1):
 PSYoungGen      total 57344K, used 5379K [0x00000000e0000000, 0x00000000e4180000, 0x0000000100000000)
  eden space 47616K, 0% used [0x00000000e0000000,0x00000000e0000000,0x00000000e2e80000)
  from space 9728K, 55% used [0x00000000e3800000,0x00000000e3d40e78,0x00000000e4180000)
  to   space 9728K, 0% used [0x00000000e2e80000,0x00000000e2e80000,0x00000000e3800000)
 ParOldGen       total 57344K, used 7963K [0x00000000a0000000, 0x00000000a3800000, 0x00000000e0000000)
  object space 57344K, 13% used [0x00000000a0000000,0x00000000a07c6dd0,0x00000000a3800000)
 Metaspace       used 28068K, capacity 28496K, committed 28672K, reserved 1073152K
  class space    used 3921K, capacity 4053K, committed 4096K, reserved 1048576K
}
Event: 15.979 GC heap before
{Heap before GC invocations=10 (full 1):
 PSYoungGen      total 57344K, used 52995K [0x00000000e0000000, 0x00000000e4180000, 0x0000000100000000)
  eden space 47616K, 100% used [0x00000000e0000000,0x00000000e2e80000,0x00000000e2e80000)
  from space 9728K, 55% used [0x00000000e3800000,0x00000000e3d40e78,0x00000000e4180000)
  to   space 9728K, 0% used [0x00000000e2e80000,0x00000000e2e80000,0x00000000e3800000)
 ParOldGen       total 57344K, used 7963K [0x00000000a0000000, 0x00000000a3800000, 0x00000000e0000000)
  object space 57344K, 13% used [0x00000000a0000000,0x00000000a07c6dd0,0x00000000a3800000)
 Metaspace       used 31385K, capacity 31910K, committed 32000K, reserved 1077248K
  class space    used 4381K, capacity 4578K, committed 4608K, reserved 1048576K
Event: 15.994 GC heap after
Heap after GC invocations=10 (full 1):
 PSYoungGen      total 57344K, used 7444K [0x00000000e0000000, 0x00000000e5380000, 0x0000000100000000)
  eden space 47616K, 0% used [0x00000000e0000000,0x00000000e0000000,0x00000000e2e80000)
  from space 9728K, 76% used [0x00000000e2e80000,0x00000000e35c5258,0x00000000e3800000)
  to   space 9728K, 0% used [0x00000000e4a00000,0x00000000e4a00000,0x00000000e5380000)
 ParOldGen       total 57344K, used 9627K [0x00000000a0000000, 0x00000000a3800000, 0x00000000e0000000)
  object space 57344K, 16% used [0x00000000a0000000,0x00000000a0966e40,0x00000000a3800000)
 Metaspace       used 31385K, capacity 31910K, committed 32000K, reserved 1077248K
  class space    used 4381K, capacity 4578K, committed 4608K, reserved 1048576K
}
Event: 16.378 GC heap before
{Heap before GC invocations=11 (full 1):
 PSYoungGen      total 57344K, used 22519K [0x00000000e0000000, 0x00000000e5380000, 0x0000000100000000)
  eden space 47616K, 31% used [0x00000000e0000000,0x00000000e0eb8c08,0x00000000e2e80000)
  from space 9728K, 76% used [0x00000000e2e80000,0x00000000e35c5258,0x00000000e3800000)
  to   space 9728K, 0% used [0x00000000e4a00000,0x00000000e4a00000,0x00000000e5380000)
 ParOldGen       total 57344K, used 9627K [0x00000000a0000000, 0x00000000a3800000, 0x00000000e0000000)
  object space 57344K, 16% used [0x00000000a0000000,0x00000000a0966e40,0x00000000a3800000)
 Metaspace       used 34700K, capacity 35246K, committed 35416K, reserved 1079296K
  class space    used 4782K, capacity 4967K, committed 4992K, reserved 1048576K
Event: 16.388 GC heap after
Heap after GC invocations=11 (full 1):
 PSYoungGen      total 75776K, used 4985K [0x00000000e0000000, 0x00000000e5500000, 0x0000000100000000)
  eden space 66048K, 0% used [0x00000000e0000000,0x00000000e0000000,0x00000000e4080000)
  from space 9728K, 51% used [0x00000000e4a00000,0x00000000e4ede750,0x00000000e5380000)
  to   space 9728K, 0% used [0x00000000e4080000,0x00000000e4080000,0x00000000e4a00000)
 ParOldGen       total 57344K, used 11685K [0x00000000a0000000, 0x00000000a3800000, 0x00000000e0000000)
  object space 57344K, 20% used [0x00000000a0000000,0x00000000a0b69400,0x00000000a3800000)
 Metaspace       used 34700K, capacity 35246K, committed 35416K, reserved 1079296K
  class space    used 4782K, capacity 4967K, committed 4992K, reserved 1048576K
}
Event: 16.388 GC heap before
{Heap before GC invocations=12 (full 2):
 PSYoungGen      total 75776K, used 4985K [0x00000000e0000000, 0x00000000e5500000, 0x0000000100000000)
  eden space 66048K, 0% used [0x00000000e0000000,0x00000000e0000000,0x00000000e4080000)
  from space 9728K, 51% used [0x00000000e4a00000,0x00000000e4ede750,0x00000000e5380000)
  to   space 9728K, 0% used [0x00000000e4080000,0x00000000e4080000,0x00000000e4a00000)
 ParOldGen       total 57344K, used 11685K [0x00000000a0000000, 0x00000000a3800000, 0x00000000e0000000)
  object space 57344K, 20% used [0x00000000a0000000,0x00000000a0b69400,0x00000000a3800000)
 Metaspace       used 34700K, capacity 35246K, committed 35416K, reserved 1079296K
  class space    used 4782K, capacity 4967K, committed 4992K, reserved 1048576K
Event: 16.501 GC heap after
Heap after GC invocations=12 (full 2):
 PSYoungGen      total 75776K, used 0K [0x00000000e0000000, 0x00000000e5500000, 0x0000000100000000)
  eden space 66048K, 0% used [0x00000000e0000000,0x00000000e0000000,0x00000000e4080000)
  from space 9728K, 0% used [0x00000000e4a00000,0x00000000e4a00000,0x00000000e5380000)
  to   space 9728K, 0% used [0x00000000e4080000,0x00000000e4080000,0x00000000e4a00000)
 ParOldGen       total 81408K, used 15134K [0x00000000a0000000, 0x00000000a4f80000, 0x00000000e0000000)
  object space 81408K, 18% used [0x00000000a0000000,0x00000000a0ec78b0,0x00000000a4f80000)
 Metaspace       used 34700K, capacity 35246K, committed 35416K, reserved 1079296K
  class space    used 4782K, capacity 4967K, committed 4992K, reserved 1048576K
}
Event: 17.404 GC heap before
{Heap before GC invocations=13 (full 2):
 PSYoungGen      total 75776K, used 66048K [0x00000000e0000000, 0x00000000e5500000, 0x0000000100000000)
  eden space 66048K, 100% used [0x00000000e0000000,0x00000000e4080000,0x00000000e4080000)
  from space 9728K, 0% used [0x00000000e4a00000,0x00000000e4a00000,0x00000000e5380000)
  to   space 9728K, 0% used [0x00000000e4080000,0x00000000e4080000,0x00000000e4a00000)
 ParOldGen       total 81408K, used 15134K [0x00000000a0000000, 0x00000000a4f80000, 0x00000000e0000000)
  object space 81408K, 18% used [0x00000000a0000000,0x00000000a0ec78b0,0x00000000a4f80000)
 Metaspace       used 37993K, capacity 38684K, committed 38784K, reserved 1083392K
  class space    used 5183K, capacity 5428K, committed 5504K, reserved 1048576K
Event: 17.419 GC heap after
Heap after GC invocations=13 (full 2):
 PSYoungGen      total 75776K, used 9260K [0x00000000e0000000, 0x00000000e6d80000, 0x0000000100000000)
  eden space 66048K, 0% used [0x00000000e0000000,0x00000000e0000000,0x00000000e4080000)
  from space 9728K, 95% used [0x00000000e4080000,0x00000000e498b378,0x00000000e4a00000)
  to   space 10752K, 0% used [0x00000000e6300000,0x00000000e6300000,0x00000000e6d80000)
 ParOldGen       total 81408K, used 15134K [0x00000000a0000000, 0x00000000a4f80000, 0x00000000e0000000)
  object space 81408K, 18% used [0x00000000a0000000,0x00000000a0ec78b0,0x00000000a4f80000)
 Metaspace       used 37993K, capacity 38684K, committed 38784K, reserved 1083392K
  class space    used 5183K, capacity 5428K, committed 5504K, reserved 1048576K
}

