# JRE version: OpenJDK Runtime Environment (8.0_152-b02) (build 1.8.0_152-release-1024-b02)
# Java VM: OpenJDK 64-Bit Server VM (25.152-b02 mixed mode windows-amd64 compressed oops)
Heap:
 PSYoungGen      total 119808K, used 79496K [0x00000000e0000000, 0x00000000e9300000, 0x0000000100000000)
  eden space 110080K, 72% used [0x00000000e0000000,0x00000000e4da2020,0x00000000e6b80000)
  from space 9728K, 0% used [0x00000000e8000000,0x00000000e8000000,0x00000000e8980000)
  to   space 7168K, 0% used [0x00000000e8c00000,0x00000000e8c00000,0x00000000e9300000)
 ParOldGen       total 56320K, used 20591K [0x00000000a0000000, 0x00000000a3700000, 0x00000000e0000000)
  object space 56320K, 36% used [0x00000000a0000000,0x00000000a141be88,0x00000000a3700000)
 Metaspace       used 39380K, capacity 40150K, committed 40536K, reserved 1083392K
  class space    used 5399K, capacity 5660K, committed 5720K, reserved 1048576K
GC Heap History (10 events):
Event: 5.349 GC heap before
{Heap before GC invocations=5 (full 0):
 PSYoungGen      total 71680K, used 19524K [0x00000000e0000000, 0x00000000e4b00000, 0x0000000100000000)
  eden space 66560K, 21% used [0x00000000e0000000,0x00000000e0e15130,0x00000000e4100000)
  from space 5120K, 99% used [0x00000000e4600000,0x00000000e4afc010,0x00000000e4b00000)
  to   space 5120K, 0% used [0x00000000e4100000,0x00000000e4100000,0x00000000e4600000)
 ParOldGen       total 87552K, used 5434K [0x00000000a0000000, 0x00000000a5580000, 0x00000000e0000000)
  object space 87552K, 6% used [0x00000000a0000000,0x00000000a054e8d8,0x00000000a5580000)
 Metaspace       used 20862K, capacity 21232K, committed 21248K, reserved 1067008K
  class space    used 2923K, capacity 3071K, committed 3072K, reserved 1048576K
Event: 5.364 GC heap after
Heap after GC invocations=5 (full 0):
 PSYoungGen      total 71680K, used 5088K [0x00000000e0000000, 0x00000000e9600000, 0x0000000100000000)
  eden space 66560K, 0% used [0x00000000e0000000,0x00000000e0000000,0x00000000e4100000)
  from space 5120K, 99% used [0x00000000e4100000,0x00000000e45f8050,0x00000000e4600000)
  to   space 10240K, 0% used [0x00000000e8c00000,0x00000000e8c00000,0x00000000e9600000)
 ParOldGen       total 87552K, used 8141K [0x00000000a0000000, 0x00000000a5580000, 0x00000000e0000000)
  object space 87552K, 9% used [0x00000000a0000000,0x00000000a07f37f8,0x00000000a5580000)
 Metaspace       used 20862K, capacity 21232K, committed 21248K, reserved 1067008K
  class space    used 2923K, capacity 3071K, committed 3072K, reserved 1048576K
}
Event: 5.364 GC heap before
{Heap before GC invocations=6 (full 1):
 PSYoungGen      total 71680K, used 5088K [0x00000000e0000000, 0x00000000e9600000, 0x0000000100000000)
  eden space 66560K, 0% used [0x00000000e0000000,0x00000000e0000000,0x00000000e4100000)
  from space 5120K, 99% used [0x00000000e4100000,0x00000000e45f8050,0x00000000e4600000)
  to   space 10240K, 0% used [0x00000000e8c00000,0x00000000e8c00000,0x00000000e9600000)
 ParOldGen       total 87552K, used 8141K [0x00000000a0000000, 0x00000000a5580000, 0x00000000e0000000)
  object space 87552K, 9% used [0x00000000a0000000,0x00000000a07f37f8,0x00000000a5580000)
 Metaspace       used 20862K, capacity 21232K, committed 21248K, reserved 1067008K
  class space    used 2923K, capacity 3071K, committed 3072K, reserved 1048576K
Event: 5.424 GC heap after
Heap after GC invocations=6 (full 1):
 PSYoungGen      total 71680K, used 0K [0x00000000e0000000, 0x00000000e9600000, 0x0000000100000000)
  eden space 66560K, 0% used [0x00000000e0000000,0x00000000e0000000,0x00000000e4100000)
  from space 5120K, 0% used [0x00000000e4100000,0x00000000e4100000,0x00000000e4600000)
  to   space 10240K, 0% used [0x00000000e8c00000,0x00000000e8c00000,0x00000000e9600000)
 ParOldGen       total 56320K, used 8145K [0x00000000a0000000, 0x00000000a3700000, 0x00000000e0000000)
  object space 56320K, 14% used [0x00000000a0000000,0x00000000a07f4428,0x00000000a3700000)
 Metaspace       used 20862K, capacity 21232K, committed 21248K, reserved 1067008K
  class space    used 2923K, capacity 3071K, committed 3072K, reserved 1048576K
}
Event: 6.866 GC heap before
{Heap before GC invocations=7 (full 1):
 PSYoungGen      total 71680K, used 66560K [0x00000000e0000000, 0x00000000e9600000, 0x0000000100000000)
  eden space 66560K, 100% used [0x00000000e0000000,0x00000000e4100000,0x00000000e4100000)
  from space 5120K, 0% used [0x00000000e4100000,0x00000000e4100000,0x00000000e4600000)
  to   space 10240K, 0% used [0x00000000e8c00000,0x00000000e8c00000,0x00000000e9600000)
 ParOldGen       total 56320K, used 8145K [0x00000000a0000000, 0x00000000a3700000, 0x00000000e0000000)
  object space 56320K, 14% used [0x00000000a0000000,0x00000000a07f4428,0x00000000a3700000)
 Metaspace       used 26533K, capacity 27112K, committed 27392K, reserved 1073152K
  class space    used 3649K, capacity 3809K, committed 3840K, reserved 1048576K
Event: 6.876 GC heap after
Heap after GC invocations=7 (full 1):
 PSYoungGen      total 117248K, used 6794K [0x00000000e0000000, 0x00000000e9300000, 0x0000000100000000)
  eden space 110080K, 0% used [0x00000000e0000000,0x00000000e0000000,0x00000000e6b80000)
  from space 7168K, 94% used [0x00000000e8c00000,0x00000000e92a2b10,0x00000000e9300000)
  to   space 9728K, 0% used [0x00000000e8000000,0x00000000e8000000,0x00000000e8980000)
 ParOldGen       total 56320K, used 8153K [0x00000000a0000000, 0x00000000a3700000, 0x00000000e0000000)
  object space 56320K, 14% used [0x00000000a0000000,0x00000000a07f6428,0x00000000a3700000)
 Metaspace       used 26533K, capacity 27112K, committed 27392K, reserved 1073152K
  class space    used 3649K, capacity 3809K, committed 3840K, reserved 1048576K
}
Event: 9.065 GC heap before
{Heap before GC invocations=8 (full 1):
 PSYoungGen      total 117248K, used 107135K [0x00000000e0000000, 0x00000000e9300000, 0x0000000100000000)
  eden space 110080K, 91% used [0x00000000e0000000,0x00000000e61fd448,0x00000000e6b80000)
  from space 7168K, 94% used [0x00000000e8c00000,0x00000000e92a2b10,0x00000000e9300000)
  to   space 9728K, 0% used [0x00000000e8000000,0x00000000e8000000,0x00000000e8980000)
 ParOldGen       total 56320K, used 8153K [0x00000000a0000000, 0x00000000a3700000, 0x00000000e0000000)
  object space 56320K, 14% used [0x00000000a0000000,0x00000000a07f6428,0x00000000a3700000)
 Metaspace       used 34515K, capacity 35268K, committed 35416K, reserved 1079296K
  class space    used 4839K, capacity 5123K, committed 5208K, reserved 1048576K
Event: 9.093 GC heap after
Heap after GC invocations=8 (full 1):
 PSYoungGen      total 119808K, used 9724K [0x00000000e0000000, 0x00000000e9300000, 0x0000000100000000)
  eden space 110080K, 0% used [0x00000000e0000000,0x00000000e0000000,0x00000000e6b80000)
  from space 9728K, 99% used [0x00000000e8000000,0x00000000e897f298,0x00000000e8980000)
  to   space 7168K, 0% used [0x00000000e8c00000,0x00000000e8c00000,0x00000000e9300000)
 ParOldGen       total 56320K, used 12652K [0x00000000a0000000, 0x00000000a3700000, 0x00000000e0000000)
  object space 56320K, 22% used [0x00000000a0000000,0x00000000a0c5b070,0x00000000a3700000)
 Metaspace       used 34515K, capacity 35268K, committed 35416K, reserved 1079296K
  class space    used 4839K, capacity 5123K, committed 5208K, reserved 1048576K
}
Event: 9.094 GC heap before
{Heap before GC invocations=9 (full 2):
 PSYoungGen      total 119808K, used 9724K [0x00000000e0000000, 0x00000000e9300000, 0x0000000100000000)
  eden space 110080K, 0% used [0x00000000e0000000,0x00000000e0000000,0x00000000e6b80000)
  from space 9728K, 99% used [0x00000000e8000000,0x00000000e897f298,0x00000000e8980000)
  to   space 7168K, 0% used [0x00000000e8c00000,0x00000000e8c00000,0x00000000e9300000)
 ParOldGen       total 56320K, used 12652K [0x00000000a0000000, 0x00000000a3700000, 0x00000000e0000000)
  object space 56320K, 22% used [0x00000000a0000000,0x00000000a0c5b070,0x00000000a3700000)
 Metaspace       used 34515K, capacity 35268K, committed 35416K, reserved 1079296K
  class space    used 4839K, capacity 5123K, committed 5208K, reserved 1048576K
Event: 9.241 GC heap after
Heap after GC invocations=9 (full 2):
 PSYoungGen      total 119808K, used 0K [0x00000000e0000000, 0x00000000e9300000, 0x0000000100000000)
  eden space 110080K, 0% used [0x00000000e0000000,0x00000000e0000000,0x00000000e6b80000)
  from space 9728K, 0% used [0x00000000e8000000,0x00000000e8000000,0x00000000e8980000)
  to   space 7168K, 0% used [0x00000000e8c00000,0x00000000e8c00000,0x00000000e9300000)
 ParOldGen       total 56320K, used 20591K [0x00000000a0000000, 0x00000000a3700000, 0x00000000e0000000)
  object space 56320K, 36% used [0x00000000a0000000,0x00000000a141be88,0x00000000a3700000)
 Metaspace       used 34515K, capacity 35268K, committed 35416K, reserved 1079296K
  class space    used 4839K, capacity 5123K, committed 5208K, reserved 1048576K
}

