# JRE version: OpenJDK Runtime Environment (8.0_152-b02) (build 1.8.0_152-release-1024-b02)
# Java VM: OpenJDK 64-Bit Server VM (25.152-b02 mixed mode windows-amd64 compressed oops)
Heap:
 PSYoungGen      total 100864K, used 48116K [0x00000000e0000000, 0x00000000e7300000, 0x0000000100000000)
  eden space 88576K, 54% used [0x00000000e0000000,0x00000000e2efd008,0x00000000e5680000)
  from space 12288K, 0% used [0x00000000e6380000,0x00000000e6380000,0x00000000e6f80000)
  to   space 13312K, 0% used [0x00000000e5680000,0x00000000e5680000,0x00000000e6380000)
 ParOldGen       total 94720K, used 16325K [0x00000000a0000000, 0x00000000a5c80000, 0x00000000e0000000)
  object space 94720K, 17% used [0x00000000a0000000,0x00000000a0ff1590,0x00000000a5c80000)
 Metaspace       used 41259K, capacity 42392K, committed 42496K, reserved 1085440K
  class space    used 5509K, capacity 5884K, committed 5888K, reserved 1048576K
GC Heap History (10 events):
Event: 9.357 GC heap before
{Heap before GC invocations=8 (full 1):
 PSYoungGen      total 54784K, used 54378K [0x00000000e0000000, 0x00000000e4f00000, 0x0000000100000000)
  eden space 50688K, 100% used [0x00000000e0000000,0x00000000e3180000,0x00000000e3180000)
  from space 4096K, 90% used [0x00000000e4b00000,0x00000000e4e9a890,0x00000000e4f00000)
  to   space 10240K, 0% used [0x00000000e3b00000,0x00000000e3b00000,0x00000000e4500000)
 ParOldGen       total 62464K, used 8048K [0x00000000a0000000, 0x00000000a3d00000, 0x00000000e0000000)
  object space 62464K, 12% used [0x00000000a0000000,0x00000000a07dc288,0x00000000a3d00000)
 Metaspace       used 27406K, capacity 28044K, committed 28288K, reserved 1073152K
  class space    used 3766K, capacity 3946K, committed 3968K, reserved 1048576K
Event: 9.371 GC heap after
Heap after GC invocations=8 (full 1):
 PSYoungGen      total 70656K, used 6959K [0x00000000e0000000, 0x00000000e5d00000, 0x0000000100000000)
  eden space 60416K, 0% used [0x00000000e0000000,0x00000000e0000000,0x00000000e3b00000)
  from space 10240K, 67% used [0x00000000e3b00000,0x00000000e41cbce8,0x00000000e4500000)
  to   space 10240K, 0% used [0x00000000e5300000,0x00000000e5300000,0x00000000e5d00000)
 ParOldGen       total 62464K, used 8056K [0x00000000a0000000, 0x00000000a3d00000, 0x00000000e0000000)
  object space 62464K, 12% used [0x00000000a0000000,0x00000000a07de288,0x00000000a3d00000)
 Metaspace       used 27406K, capacity 28044K, committed 28288K, reserved 1073152K
  class space    used 3766K, capacity 3946K, committed 3968K, reserved 1048576K
}
Event: 14.987 GC heap before
{Heap before GC invocations=9 (full 1):
 PSYoungGen      total 70656K, used 67375K [0x00000000e0000000, 0x00000000e5d00000, 0x0000000100000000)
  eden space 60416K, 100% used [0x00000000e0000000,0x00000000e3b00000,0x00000000e3b00000)
  from space 10240K, 67% used [0x00000000e3b00000,0x00000000e41cbce8,0x00000000e4500000)
  to   space 10240K, 0% used [0x00000000e5300000,0x00000000e5300000,0x00000000e5d00000)
 ParOldGen       total 62464K, used 8056K [0x00000000a0000000, 0x00000000a3d00000, 0x00000000e0000000)
  object space 62464K, 12% used [0x00000000a0000000,0x00000000a07de288,0x00000000a3d00000)
 Metaspace       used 30993K, capacity 31630K, committed 31744K, reserved 1077248K
  class space    used 4356K, capacity 4586K, committed 4608K, reserved 1048576K
Event: 15.012 GC heap after
Heap after GC invocations=9 (full 1):
 PSYoungGen      total 83456K, used 10209K [0x00000000e0000000, 0x00000000e6b80000, 0x0000000100000000)
  eden space 73216K, 0% used [0x00000000e0000000,0x00000000e0000000,0x00000000e4780000)
  from space 10240K, 99% used [0x00000000e5300000,0x00000000e5cf8628,0x00000000e5d00000)
  to   space 11776K, 0% used [0x00000000e4780000,0x00000000e4780000,0x00000000e5300000)
 ParOldGen       total 62464K, used 8556K [0x00000000a0000000, 0x00000000a3d00000, 0x00000000e0000000)
  object space 62464K, 13% used [0x00000000a0000000,0x00000000a085b298,0x00000000a3d00000)
 Metaspace       used 30993K, capacity 31630K, committed 31744K, reserved 1077248K
  class space    used 4356K, capacity 4586K, committed 4608K, reserved 1048576K
}
Event: 100.101 GC heap before
{Heap before GC invocations=10 (full 1):
 PSYoungGen      total 83456K, used 83425K [0x00000000e0000000, 0x00000000e6b80000, 0x0000000100000000)
  eden space 73216K, 100% used [0x00000000e0000000,0x00000000e4780000,0x00000000e4780000)
  from space 10240K, 99% used [0x00000000e5300000,0x00000000e5cf8628,0x00000000e5d00000)
  to   space 11776K, 0% used [0x00000000e4780000,0x00000000e4780000,0x00000000e5300000)
 ParOldGen       total 62464K, used 8556K [0x00000000a0000000, 0x00000000a3d00000, 0x00000000e0000000)
  object space 62464K, 13% used [0x00000000a0000000,0x00000000a085b298,0x00000000a3d00000)
 Metaspace       used 33607K, capacity 34498K, committed 34688K, reserved 1079296K
  class space    used 4612K, capacity 4918K, committed 4992K, reserved 1048576K
Event: 100.121 GC heap after
Heap after GC invocations=10 (full 1):
 PSYoungGen      total 84992K, used 10026K [0x00000000e0000000, 0x00000000e6f80000, 0x0000000100000000)
  eden space 73216K, 0% used [0x00000000e0000000,0x00000000e0000000,0x00000000e4780000)
  from space 11776K, 85% used [0x00000000e4780000,0x00000000e514aaf0,0x00000000e5300000)
  to   space 12288K, 0% used [0x00000000e6380000,0x00000000e6380000,0x00000000e6f80000)
 ParOldGen       total 62464K, used 8564K [0x00000000a0000000, 0x00000000a3d00000, 0x00000000e0000000)
  object space 62464K, 13% used [0x00000000a0000000,0x00000000a085d298,0x00000000a3d00000)
 Metaspace       used 33607K, capacity 34498K, committed 34688K, reserved 1079296K
  class space    used 4612K, capacity 4918K, committed 4992K, reserved 1048576K
}
Event: 102.878 GC heap before
{Heap before GC invocations=11 (full 1):
 PSYoungGen      total 84992K, used 28804K [0x00000000e0000000, 0x00000000e6f80000, 0x0000000100000000)
  eden space 73216K, 25% used [0x00000000e0000000,0x00000000e12568e8,0x00000000e4780000)
  from space 11776K, 85% used [0x00000000e4780000,0x00000000e514aaf0,0x00000000e5300000)
  to   space 12288K, 0% used [0x00000000e6380000,0x00000000e6380000,0x00000000e6f80000)
 ParOldGen       total 62464K, used 8564K [0x00000000a0000000, 0x00000000a3d00000, 0x00000000e0000000)
  object space 62464K, 13% used [0x00000000a0000000,0x00000000a085d298,0x00000000a3d00000)
 Metaspace       used 34355K, capacity 35280K, committed 35416K, reserved 1079296K
  class space    used 4666K, capacity 5002K, committed 5120K, reserved 1048576K
Event: 102.916 GC heap after
Heap after GC invocations=11 (full 1):
 PSYoungGen      total 100864K, used 10607K [0x00000000e0000000, 0x00000000e7300000, 0x0000000100000000)
  eden space 88576K, 0% used [0x00000000e0000000,0x00000000e0000000,0x00000000e5680000)
  from space 12288K, 86% used [0x00000000e6380000,0x00000000e6ddbcb8,0x00000000e6f80000)
  to   space 13312K, 0% used [0x00000000e5680000,0x00000000e5680000,0x00000000e6380000)
 ParOldGen       total 62464K, used 8572K [0x00000000a0000000, 0x00000000a3d00000, 0x00000000e0000000)
  object space 62464K, 13% used [0x00000000a0000000,0x00000000a085f298,0x00000000a3d00000)
 Metaspace       used 34355K, capacity 35280K, committed 35416K, reserved 1079296K
  class space    used 4666K, capacity 5002K, committed 5120K, reserved 1048576K
}
Event: 102.916 GC heap before
{Heap before GC invocations=12 (full 2):
 PSYoungGen      total 100864K, used 10607K [0x00000000e0000000, 0x00000000e7300000, 0x0000000100000000)
  eden space 88576K, 0% used [0x00000000e0000000,0x00000000e0000000,0x00000000e5680000)
  from space 12288K, 86% used [0x00000000e6380000,0x00000000e6ddbcb8,0x00000000e6f80000)
  to   space 13312K, 0% used [0x00000000e5680000,0x00000000e5680000,0x00000000e6380000)
 ParOldGen       total 62464K, used 8572K [0x00000000a0000000, 0x00000000a3d00000, 0x00000000e0000000)
  object space 62464K, 13% used [0x00000000a0000000,0x00000000a085f298,0x00000000a3d00000)
 Metaspace       used 34355K, capacity 35280K, committed 35416K, reserved 1079296K
  class space    used 4666K, capacity 5002K, committed 5120K, reserved 1048576K
Event: 103.250 GC heap after
Heap after GC invocations=12 (full 2):
 PSYoungGen      total 100864K, used 0K [0x00000000e0000000, 0x00000000e7300000, 0x0000000100000000)
  eden space 88576K, 0% used [0x00000000e0000000,0x00000000e0000000,0x00000000e5680000)
  from space 12288K, 0% used [0x00000000e6380000,0x00000000e6380000,0x00000000e6f80000)
  to   space 13312K, 0% used [0x00000000e5680000,0x00000000e5680000,0x00000000e6380000)
 ParOldGen       total 94720K, used 16325K [0x00000000a0000000, 0x00000000a5c80000, 0x00000000e0000000)
  object space 94720K, 17% used [0x00000000a0000000,0x00000000a0ff1590,0x00000000a5c80000)
 Metaspace       used 34355K, capacity 35280K, committed 35416K, reserved 1079296K
  class space    used 4666K, capacity 5002K, committed 5120K, reserved 1048576K
}

