# JRE version: OpenJDK Runtime Environment (8.0_152-b02) (build 1.8.0_152-release-1024-b02)
# Java VM: OpenJDK 64-Bit Server VM (25.152-b02 mixed mode windows-amd64 compressed oops)
Heap:
 PSYoungGen      total 109568K, used 37412K [0x00000000e0000000, 0x00000000e9100000, 0x0000000100000000)
  eden space 98304K, 27% used [0x00000000e0000000,0x00000000e1a36ac0,0x00000000e6000000)
  from space 11264K, 93% used [0x00000000e6000000,0x00000000e6a52858,0x00000000e6b00000)
  to   space 12288K, 0% used [0x00000000e8500000,0x00000000e8500000,0x00000000e9100000)
 ParOldGen       total 56832K, used 16483K [0x00000000a0000000, 0x00000000a3780000, 0x00000000e0000000)
  object space 56832K, 29% used [0x00000000a0000000,0x00000000a1018d50,0x00000000a3780000)
 Metaspace       used 41115K, capacity 41872K, committed 41944K, reserved 1085440K
  class space    used 5617K, capacity 5867K, committed 5888K, reserved 1048576K
GC Heap History (10 events):
Event: 7.490 GC heap before
{Heap before GC invocations=7 (full 1):
 PSYoungGen      total 71680K, used 66560K [0x00000000e0000000, 0x00000000e4b00000, 0x0000000100000000)
  eden space 66560K, 100% used [0x00000000e0000000,0x00000000e4100000,0x00000000e4100000)
  from space 5120K, 0% used [0x00000000e4100000,0x00000000e4100000,0x00000000e4600000)
  to   space 5120K, 0% used [0x00000000e4600000,0x00000000e4600000,0x00000000e4b00000)
 ParOldGen       total 56832K, used 7909K [0x00000000a0000000, 0x00000000a3780000, 0x00000000e0000000)
  object space 56832K, 13% used [0x00000000a0000000,0x00000000a07b96c8,0x00000000a3780000)
 Metaspace       used 26408K, capacity 26762K, committed 27136K, reserved 1073152K
  class space    used 3636K, capacity 3744K, committed 3840K, reserved 1048576K
Event: 7.502 GC heap after
Heap after GC invocations=7 (full 1):
 PSYoungGen      total 67072K, used 5093K [0x00000000e0000000, 0x00000000e7d00000, 0x0000000100000000)
  eden space 61952K, 0% used [0x00000000e0000000,0x00000000e0000000,0x00000000e3c80000)
  from space 5120K, 99% used [0x00000000e4600000,0x00000000e4af97a8,0x00000000e4b00000)
  to   space 9728K, 0% used [0x00000000e3c80000,0x00000000e3c80000,0x00000000e4600000)
 ParOldGen       total 56832K, used 9789K [0x00000000a0000000, 0x00000000a3780000, 0x00000000e0000000)
  object space 56832K, 17% used [0x00000000a0000000,0x00000000a098f698,0x00000000a3780000)
 Metaspace       used 26408K, capacity 26762K, committed 27136K, reserved 1073152K
  class space    used 3636K, capacity 3744K, committed 3840K, reserved 1048576K
}
Event: 8.837 GC heap before
{Heap before GC invocations=8 (full 1):
 PSYoungGen      total 67072K, used 67045K [0x00000000e0000000, 0x00000000e7d00000, 0x0000000100000000)
  eden space 61952K, 100% used [0x00000000e0000000,0x00000000e3c80000,0x00000000e3c80000)
  from space 5120K, 99% used [0x00000000e4600000,0x00000000e4af97a8,0x00000000e4b00000)
  to   space 9728K, 0% used [0x00000000e3c80000,0x00000000e3c80000,0x00000000e4600000)
 ParOldGen       total 56832K, used 9789K [0x00000000a0000000, 0x00000000a3780000, 0x00000000e0000000)
  object space 56832K, 17% used [0x00000000a0000000,0x00000000a098f698,0x00000000a3780000)
 Metaspace       used 29676K, capacity 30072K, committed 30464K, reserved 1075200K
  class space    used 4144K, capacity 4269K, committed 4352K, reserved 1048576K
Event: 8.854 GC heap after
Heap after GC invocations=8 (full 1):
 PSYoungGen      total 71680K, used 8575K [0x00000000e0000000, 0x00000000e7500000, 0x0000000100000000)
  eden space 61952K, 0% used [0x00000000e0000000,0x00000000e0000000,0x00000000e3c80000)
  from space 9728K, 88% used [0x00000000e3c80000,0x00000000e44dff18,0x00000000e4600000)
  to   space 10240K, 0% used [0x00000000e6b00000,0x00000000e6b00000,0x00000000e7500000)
 ParOldGen       total 56832K, used 9797K [0x00000000a0000000, 0x00000000a3780000, 0x00000000e0000000)
  object space 56832K, 17% used [0x00000000a0000000,0x00000000a0991698,0x00000000a3780000)
 Metaspace       used 29676K, capacity 30072K, committed 30464K, reserved 1075200K
  class space    used 4144K, capacity 4269K, committed 4352K, reserved 1048576K
}
Event: 9.535 GC heap before
{Heap before GC invocations=9 (full 1):
 PSYoungGen      total 71680K, used 36871K [0x00000000e0000000, 0x00000000e7500000, 0x0000000100000000)
  eden space 61952K, 45% used [0x00000000e0000000,0x00000000e1ba1f88,0x00000000e3c80000)
  from space 9728K, 88% used [0x00000000e3c80000,0x00000000e44dff18,0x00000000e4600000)
  to   space 10240K, 0% used [0x00000000e6b00000,0x00000000e6b00000,0x00000000e7500000)
 ParOldGen       total 56832K, used 9797K [0x00000000a0000000, 0x00000000a3780000, 0x00000000e0000000)
  object space 56832K, 17% used [0x00000000a0000000,0x00000000a0991698,0x00000000a3780000)
 Metaspace       used 34878K, capacity 35292K, committed 35416K, reserved 1079296K
  class space    used 4775K, capacity 4950K, committed 4992K, reserved 1048576K
Event: 9.552 GC heap after
Heap after GC invocations=9 (full 1):
 PSYoungGen      total 108544K, used 9836K [0x00000000e0000000, 0x00000000e7780000, 0x0000000100000000)
  eden space 98304K, 0% used [0x00000000e0000000,0x00000000e0000000,0x00000000e6000000)
  from space 10240K, 96% used [0x00000000e6b00000,0x00000000e749b318,0x00000000e7500000)
  to   space 11264K, 0% used [0x00000000e6000000,0x00000000e6000000,0x00000000e6b00000)
 ParOldGen       total 56832K, used 9805K [0x00000000a0000000, 0x00000000a3780000, 0x00000000e0000000)
  object space 56832K, 17% used [0x00000000a0000000,0x00000000a0993698,0x00000000a3780000)
 Metaspace       used 34878K, capacity 35292K, committed 35416K, reserved 1079296K
  class space    used 4775K, capacity 4950K, committed 4992K, reserved 1048576K
}
Event: 9.552 GC heap before
{Heap before GC invocations=10 (full 2):
 PSYoungGen      total 108544K, used 9836K [0x00000000e0000000, 0x00000000e7780000, 0x0000000100000000)
  eden space 98304K, 0% used [0x00000000e0000000,0x00000000e0000000,0x00000000e6000000)
  from space 10240K, 96% used [0x00000000e6b00000,0x00000000e749b318,0x00000000e7500000)
  to   space 11264K, 0% used [0x00000000e6000000,0x00000000e6000000,0x00000000e6b00000)
 ParOldGen       total 56832K, used 9805K [0x00000000a0000000, 0x00000000a3780000, 0x00000000e0000000)
  object space 56832K, 17% used [0x00000000a0000000,0x00000000a0993698,0x00000000a3780000)
 Metaspace       used 34878K, capacity 35292K, committed 35416K, reserved 1079296K
  class space    used 4775K, capacity 4950K, committed 4992K, reserved 1048576K
Event: 9.693 GC heap after
Heap after GC invocations=10 (full 2):
 PSYoungGen      total 108544K, used 0K [0x00000000e0000000, 0x00000000e7780000, 0x0000000100000000)
  eden space 98304K, 0% used [0x00000000e0000000,0x00000000e0000000,0x00000000e6000000)
  from space 10240K, 0% used [0x00000000e6b00000,0x00000000e6b00000,0x00000000e7500000)
  to   space 11264K, 0% used [0x00000000e6000000,0x00000000e6000000,0x00000000e6b00000)
 ParOldGen       total 56832K, used 16475K [0x00000000a0000000, 0x00000000a3780000, 0x00000000e0000000)
  object space 56832K, 28% used [0x00000000a0000000,0x00000000a1016d50,0x00000000a3780000)
 Metaspace       used 34878K, capacity 35292K, committed 35416K, reserved 1079296K
  class space    used 4775K, capacity 4950K, committed 4992K, reserved 1048576K
}
Event: 11.197 GC heap before
{Heap before GC invocations=11 (full 2):
 PSYoungGen      total 108544K, used 98304K [0x00000000e0000000, 0x00000000e7780000, 0x0000000100000000)
  eden space 98304K, 100% used [0x00000000e0000000,0x00000000e6000000,0x00000000e6000000)
  from space 10240K, 0% used [0x00000000e6b00000,0x00000000e6b00000,0x00000000e7500000)
  to   space 11264K, 0% used [0x00000000e6000000,0x00000000e6000000,0x00000000e6b00000)
 ParOldGen       total 56832K, used 16475K [0x00000000a0000000, 0x00000000a3780000, 0x00000000e0000000)
  object space 56832K, 28% used [0x00000000a0000000,0x00000000a1016d50,0x00000000a3780000)
 Metaspace       used 40009K, capacity 40806K, committed 41048K, reserved 1085440K
  class space    used 5449K, capacity 5712K, committed 5760K, reserved 1048576K
Event: 11.217 GC heap after
Heap after GC invocations=11 (full 2):
 PSYoungGen      total 109568K, used 10570K [0x00000000e0000000, 0x00000000e9100000, 0x0000000100000000)
  eden space 98304K, 0% used [0x00000000e0000000,0x00000000e0000000,0x00000000e6000000)
  from space 11264K, 93% used [0x00000000e6000000,0x00000000e6a52858,0x00000000e6b00000)
  to   space 12288K, 0% used [0x00000000e8500000,0x00000000e8500000,0x00000000e9100000)
 ParOldGen       total 56832K, used 16483K [0x00000000a0000000, 0x00000000a3780000, 0x00000000e0000000)
  object space 56832K, 29% used [0x00000000a0000000,0x00000000a1018d50,0x00000000a3780000)
 Metaspace       used 40009K, capacity 40806K, committed 41048K, reserved 1085440K
  class space    used 5449K, capacity 5712K, committed 5760K, reserved 1048576K
}

